  Moc'ing fqqimagepro.h...
  Uic'ing fqqimagepro.ui...
  Moc'ing fqqconfigview.h...
  Moc'ing aboutwidget.h...
  Moc'ing fqqbayerinfo.h...
  Moc'ing fqqparticlewidget.h...
  Moc'ing fqqimageview.h...
  Rcc'ing fqqimagepro.qrc...
  Uic'ing fqqimageview.ui...
  Uic'ing fqqconfigview.ui...
  Uic'ing aboutwidget.ui...
  Uic'ing fqqbayerinfo.ui...
  Uic'ing fqqparticlewidget.ui...
  aboutwidget.cpp
  fqqbayerinfo.cpp
  fqqconfigview.cpp
  fqqimagepro.cpp
fqqimagepro.cpp(439): warning C4010: 单行注释包含行继续符
  fqqimageview.cpp
  fqqparticlewidget.cpp
  moc_aboutwidget.cpp
  moc_fqqbayerinfo.cpp
  moc_fqqconfigview.cpp
  moc_fqqimagepro.cpp
  moc_fqqimageview.cpp
  moc_fqqparticlewidget.cpp
  main.cpp
  正在生成代码...
  qrc_fqqimagepro.cpp
  fqqImagePro.vcxproj -> E:\QtProject\fqqImagePro\Win32\Debug\fqqImagePro.exe
  fqqImagePro.vcxproj -> E:\QtProject\fqqImagePro\Win32\Debug\fqqImagePro.pdb (Full PDB)
